callkit/build/intermediates/manifest_merge_blame_file/release/manifest-merger-blame-release-report.txt
1<?xml version="1.0" encoding="utf-8"?>
2<manifest xmlns:android="http://schemas.android.com/apk/res/android"
3    package="io.rong.callkit" >
4
5    <uses-sdk
6        android:minSdkVersion="19"
6-->yyf\callkit\AndroidManifest.xml
7        android:targetSdkVersion="31" />
7-->yyf\callkit\AndroidManifest.xml
8
9    <uses-permission android:name="android.permission.MODIFY_AUDIO_SETTINGS" />
9-->yyf\callkit\AndroidManifest.xml:5:5-80
9-->yyf\callkit\AndroidManifest.xml:5:22-77
10    <uses-permission
10-->yyf\callkit\AndroidManifest.xml:6:5-8:38
11        android:name="android.permission.BLUETOOTH_ADMIN"
11-->yyf\callkit\AndroidManifest.xml:7:9-58
12        android:maxSdkVersion="30" />
12-->yyf\callkit\AndroidManifest.xml:8:9-35
13    <uses-permission
13-->yyf\callkit\AndroidManifest.xml:9:5-11:38
14        android:name="android.permission.BLUETOOTH"
14-->yyf\callkit\AndroidManifest.xml:10:9-52
15        android:maxSdkVersion="30" />
15-->yyf\callkit\AndroidManifest.xml:11:9-35
16    <uses-permission android:name="android.permission.BLUETOOTH_CONNECT" />
16-->yyf\callkit\AndroidManifest.xml:12:5-76
16-->yyf\callkit\AndroidManifest.xml:12:22-73
17    <uses-permission
17-->yyf\callkit\AndroidManifest.xml:13:5-15:58
18        android:name="android.permission.BLUETOOTH_SCAN"
18-->yyf\callkit\AndroidManifest.xml:14:9-57
19        android:usesPermissionFlags="neverForLocation" />
19-->yyf\callkit\AndroidManifest.xml:15:9-55
20    <uses-permission android:name="android.permission.BLUETOOTH_ADVERTISE" />
20-->yyf\callkit\AndroidManifest.xml:16:5-78
20-->yyf\callkit\AndroidManifest.xml:16:22-75
21    <uses-permission android:name="android.permission.INTERACT_ACROSS_USERS_FULL" />
21-->yyf\callkit\AndroidManifest.xml:17:5-85
21-->yyf\callkit\AndroidManifest.xml:17:22-82
22    <uses-permission android:name="android.permission.SYSTEM_ALERT_WINDOW" />
22-->yyf\callkit\AndroidManifest.xml:18:5-78
22-->yyf\callkit\AndroidManifest.xml:18:22-75
23    <uses-permission android:name="android.permission.VIBRATE" />
23-->yyf\callkit\AndroidManifest.xml:19:5-66
23-->yyf\callkit\AndroidManifest.xml:19:22-63
24    <uses-permission android:name="android.permission.WRITE_EXTERNAL_STORAGE" />
24-->yyf\callkit\AndroidManifest.xml:20:5-81
24-->yyf\callkit\AndroidManifest.xml:20:22-78
25    <uses-permission android:name="android.permission.READ_EXTERNAL_STORAGE" />
25-->yyf\callkit\AndroidManifest.xml:21:5-80
25-->yyf\callkit\AndroidManifest.xml:21:22-77
26    <uses-permission android:name="android.permission.USE_FULL_SCREEN_INTENT" />
26-->yyf\callkit\AndroidManifest.xml:22:5-81
26-->yyf\callkit\AndroidManifest.xml:22:22-78
27    <uses-permission android:name="android.permission.READ_PHONE_STATE" />
27-->yyf\callkit\AndroidManifest.xml:23:5-75
27-->yyf\callkit\AndroidManifest.xml:23:22-72
28
29    <application android:supportsRtl="true" >
29-->yyf\callkit\AndroidManifest.xml:25:5-91:19
29-->yyf\callkit\AndroidManifest.xml:25:18-44
30        <meta-data
30-->yyf\callkit\AndroidManifest.xml:26:9-28:59
31            android:name="rc.callkit"
31-->yyf\callkit\AndroidManifest.xml:27:13-38
32            android:value="io.rong.callkit.RongCallKit" />
32-->yyf\callkit\AndroidManifest.xml:28:13-56
33
34        <activity
34-->yyf\callkit\AndroidManifest.xml:30:9-40:20
35            android:name="io.rong.callkit.MultiVideoCallActivity"
35-->yyf\callkit\AndroidManifest.xml:31:13-51
36            android:exported="true"
36-->yyf\callkit\AndroidManifest.xml:32:13-36
37            android:launchMode="singleTop"
37-->yyf\callkit\AndroidManifest.xml:33:13-43
38            android:screenOrientation="portrait"
38-->yyf\callkit\AndroidManifest.xml:34:13-49
39            android:windowSoftInputMode="stateHidden|adjustResize" >
39-->yyf\callkit\AndroidManifest.xml:35:13-67
40            <intent-filter>
40-->yyf\callkit\AndroidManifest.xml:36:13-39:29
41                <action android:name="io.rong.intent.action.voip.MULTIVIDEO" />
41-->yyf\callkit\AndroidManifest.xml:37:17-80
41-->yyf\callkit\AndroidManifest.xml:37:25-77
42
43                <category android:name="android.intent.category.DEFAULT" />
43-->yyf\callkit\AndroidManifest.xml:38:17-76
43-->yyf\callkit\AndroidManifest.xml:38:27-73
44            </intent-filter>
45        </activity>
46        <activity
46-->yyf\callkit\AndroidManifest.xml:42:9-56:20
47            android:name="io.rong.callkit.SingleCallActivity"
47-->yyf\callkit\AndroidManifest.xml:43:13-47
48            android:exported="true"
48-->yyf\callkit\AndroidManifest.xml:44:13-36
49            android:launchMode="singleTop"
49-->yyf\callkit\AndroidManifest.xml:45:13-43
50            android:screenOrientation="portrait"
50-->yyf\callkit\AndroidManifest.xml:46:13-49
51            android:windowSoftInputMode="stateHidden|adjustResize" >
51-->yyf\callkit\AndroidManifest.xml:47:13-67
52            <intent-filter>
52-->yyf\callkit\AndroidManifest.xml:48:13-51:29
53                <action android:name="io.rong.intent.action.voip.SINGLEVIDEO" />
53-->yyf\callkit\AndroidManifest.xml:49:17-81
53-->yyf\callkit\AndroidManifest.xml:49:25-78
54
55                <category android:name="android.intent.category.DEFAULT" />
55-->yyf\callkit\AndroidManifest.xml:38:17-76
55-->yyf\callkit\AndroidManifest.xml:38:27-73
56            </intent-filter>
57            <intent-filter>
57-->yyf\callkit\AndroidManifest.xml:52:13-55:29
58                <action android:name="io.rong.intent.action.voip.SINGLEAUDIO" />
58-->yyf\callkit\AndroidManifest.xml:53:17-81
58-->yyf\callkit\AndroidManifest.xml:53:25-78
59
60                <category android:name="android.intent.category.DEFAULT" />
60-->yyf\callkit\AndroidManifest.xml:38:17-76
60-->yyf\callkit\AndroidManifest.xml:38:27-73
61            </intent-filter>
62        </activity>
63        <activity
63-->yyf\callkit\AndroidManifest.xml:58:9-68:20
64            android:name="io.rong.callkit.MultiAudioCallActivity"
64-->yyf\callkit\AndroidManifest.xml:59:13-51
65            android:exported="true"
65-->yyf\callkit\AndroidManifest.xml:60:13-36
66            android:launchMode="singleTop"
66-->yyf\callkit\AndroidManifest.xml:61:13-43
67            android:screenOrientation="portrait"
67-->yyf\callkit\AndroidManifest.xml:62:13-49
68            android:windowSoftInputMode="stateHidden|adjustResize" >
68-->yyf\callkit\AndroidManifest.xml:63:13-67
69            <intent-filter>
69-->yyf\callkit\AndroidManifest.xml:64:13-67:29
70                <action android:name="io.rong.intent.action.voip.MULTIAUDIO" />
70-->yyf\callkit\AndroidManifest.xml:65:17-80
70-->yyf\callkit\AndroidManifest.xml:65:25-77
71
72                <category android:name="android.intent.category.DEFAULT" />
72-->yyf\callkit\AndroidManifest.xml:38:17-76
72-->yyf\callkit\AndroidManifest.xml:38:27-73
73            </intent-filter>
74        </activity>
75
76        <!-- Android Q 后台无法弹出Activity，通过通知栏提醒用户 -->
77        <receiver
77-->yyf\callkit\AndroidManifest.xml:71:9-80:20
78            android:name="io.rong.callkit.VoIPBroadcastReceiver"
78-->yyf\callkit\AndroidManifest.xml:72:13-65
79            android:exported="true" >
79-->yyf\callkit\AndroidManifest.xml:73:13-36
80            <intent-filter>
80-->yyf\callkit\AndroidManifest.xml:74:13-79:29
81                <action android:name="action.push.CallInviteMessage" />
81-->yyf\callkit\AndroidManifest.xml:75:17-72
81-->yyf\callkit\AndroidManifest.xml:75:25-69
82                <action android:name="action.push.CallInviteMessage.CLICKED" />
82-->yyf\callkit\AndroidManifest.xml:76:17-80
82-->yyf\callkit\AndroidManifest.xml:76:25-77
83                <action android:name="action.push.voip.hangup.click" />
83-->yyf\callkit\AndroidManifest.xml:77:17-72
83-->yyf\callkit\AndroidManifest.xml:77:25-69
84                <action android:name="action.voip.notification.clear" />
84-->yyf\callkit\AndroidManifest.xml:78:17-73
84-->yyf\callkit\AndroidManifest.xml:78:25-70
85            </intent-filter>
86        </receiver>
87
88        <activity android:name="io.rong.callkit.CallSelectMemberActivity" />
88-->yyf\callkit\AndroidManifest.xml:82:9-62
88-->yyf\callkit\AndroidManifest.xml:82:19-59
89
90        <receiver
90-->yyf\callkit\AndroidManifest.xml:84:9-90:20
91            android:name="io.rong.callkit.util.RTCPhoneStateReceiver"
91-->yyf\callkit\AndroidManifest.xml:85:13-55
92            android:exported="true" >
92-->yyf\callkit\AndroidManifest.xml:86:13-36
93            <intent-filter>
93-->yyf\callkit\AndroidManifest.xml:87:13-89:29
94                <action android:name="android.intent.action.PHONE_STATE" />
94-->yyf\callkit\AndroidManifest.xml:88:17-76
94-->yyf\callkit\AndroidManifest.xml:88:25-73
95            </intent-filter>
96        </receiver>
97    </application>
98
99</manifest>